# JRE version: Java(TM) SE Runtime Environment (17.0.13+10) (build 17.0.13+10-LTS-268)
# Java VM: Java HotSpot(TM) 64-Bit Server VM (17.0.13+10-LTS-268, mixed mode, emulated-client, sharing, tiered, compressed oops, compressed class ptrs, g1 gc, windows-amd64)
GC Precious Log:
 CPUs: 8 total, 8 available
 Memory: 7975M
 Large Page Support: Disabled
 NUMA Support: Disabled
 Compressed Oops: Enabled (32-bit)
 Heap Region Size: 1M
 Heap Min Capacity: 8M
 Heap Initial Capacity: 126M
 Heap Max Capacity: 1994M
 Pre-touch: Disabled
 Parallel Workers: 8
 Concurrent Workers: 2
 Concurrent Refinement Workers: 8
 Periodic GC: Disabled
Heap:
 garbage-first heap   total 140288K, used 65218K [0x0000000083600000, 0x0000000100000000)
  region size 1024K, 10 young (10240K), 4 survivors (4096K)
 Metaspace       used 87792K, committed 99328K, reserved 1245184K
  class space    used 12908K, committed 15552K, reserved 1048576K
GC Heap History (20 events):
Event: 17172.217 GC heap before
{Heap before GC invocations=500 (full 21):
 garbage-first heap   total 150528K, used 130200K [0x0000000083600000, 0x0000000100000000)
  region size 1024K, 78 young (79872K), 2 survivors (2048K)
 Metaspace       used 86678K, committed 99456K, reserved 1245184K
  class space    used 12806K, committed 15552K, reserved 1048576K
}
Event: 17172.218 GC heap after
{Heap after GC invocations=501 (full 21):
 garbage-first heap   total 150528K, used 52417K [0x0000000083600000, 0x0000000100000000)
  region size 1024K, 2 young (2048K), 2 survivors (2048K)
 Metaspace       used 86678K, committed 99456K, reserved 1245184K
  class space    used 12806K, committed 15552K, reserved 1048576K
}
Event: 17180.021 GC heap before
{Heap before GC invocations=501 (full 21):
 garbage-first heap   total 150528K, used 130241K [0x0000000083600000, 0x0000000100000000)
  region size 1024K, 78 young (79872K), 2 survivors (2048K)
 Metaspace       used 86678K, committed 99456K, reserved 1245184K
  class space    used 12806K, committed 15552K, reserved 1048576K
}
Event: 17180.024 GC heap after
{Heap after GC invocations=502 (full 21):
 garbage-first heap   total 150528K, used 52392K [0x0000000083600000, 0x0000000100000000)
  region size 1024K, 2 young (2048K), 2 survivors (2048K)
 Metaspace       used 86678K, committed 99456K, reserved 1245184K
  class space    used 12806K, committed 15552K, reserved 1048576K
}
Event: 17187.698 GC heap before
{Heap before GC invocations=502 (full 21):
 garbage-first heap   total 150528K, used 130216K [0x0000000083600000, 0x0000000100000000)
  region size 1024K, 78 young (79872K), 2 survivors (2048K)
 Metaspace       used 86678K, committed 99456K, reserved 1245184K
  class space    used 12806K, committed 15552K, reserved 1048576K
}
Event: 17187.699 GC heap after
{Heap after GC invocations=503 (full 21):
 garbage-first heap   total 150528K, used 52364K [0x0000000083600000, 0x0000000100000000)
  region size 1024K, 2 young (2048K), 2 survivors (2048K)
 Metaspace       used 86678K, committed 99456K, reserved 1245184K
  class space    used 12806K, committed 15552K, reserved 1048576K
}
Event: 17195.424 GC heap before
{Heap before GC invocations=503 (full 21):
 garbage-first heap   total 150528K, used 130188K [0x0000000083600000, 0x0000000100000000)
  region size 1024K, 78 young (79872K), 2 survivors (2048K)
 Metaspace       used 86678K, committed 99456K, reserved 1245184K
  class space    used 12806K, committed 15552K, reserved 1048576K
}
Event: 17195.425 GC heap after
{Heap after GC invocations=504 (full 21):
 garbage-first heap   total 150528K, used 52319K [0x0000000083600000, 0x0000000100000000)
  region size 1024K, 2 young (2048K), 2 survivors (2048K)
 Metaspace       used 86678K, committed 99456K, reserved 1245184K
  class space    used 12806K, committed 15552K, reserved 1048576K
}
Event: 17201.559 GC heap before
{Heap before GC invocations=504 (full 21):
 garbage-first heap   total 150528K, used 127071K [0x0000000083600000, 0x0000000100000000)
  region size 1024K, 76 young (77824K), 2 survivors (2048K)
 Metaspace       used 86681K, committed 99456K, reserved 1245184K
  class space    used 12807K, committed 15552K, reserved 1048576K
}
Event: 17202.601 GC heap after
{Heap after GC invocations=505 (full 22):
 garbage-first heap   total 140288K, used 39805K [0x0000000083600000, 0x0000000100000000)
  region size 1024K, 0 young (0K), 0 survivors (0K)
 Metaspace       used 86565K, committed 99328K, reserved 1245184K
  class space    used 12785K, committed 15552K, reserved 1048576K
}
Event: 17205.687 GC heap before
{Heap before GC invocations=505 (full 22):
 garbage-first heap   total 140288K, used 119677K [0x0000000083600000, 0x0000000100000000)
  region size 1024K, 79 young (80896K), 0 survivors (0K)
 Metaspace       used 86934K, committed 99328K, reserved 1245184K
  class space    used 12830K, committed 15552K, reserved 1048576K
}
Event: 17205.698 GC heap after
{Heap after GC invocations=506 (full 22):
 garbage-first heap   total 140288K, used 45831K [0x0000000083600000, 0x0000000100000000)
  region size 1024K, 6 young (6144K), 6 survivors (6144K)
 Metaspace       used 86934K, committed 99328K, reserved 1245184K
  class space    used 12830K, committed 15552K, reserved 1048576K
}
Event: 17206.722 GC heap before
{Heap before GC invocations=506 (full 22):
 garbage-first heap   total 140288K, used 114439K [0x0000000083600000, 0x0000000100000000)
  region size 1024K, 73 young (74752K), 6 survivors (6144K)
 Metaspace       used 87268K, committed 99328K, reserved 1245184K
  class space    used 12865K, committed 15552K, reserved 1048576K
}
Event: 17206.737 GC heap after
{Heap after GC invocations=507 (full 22):
 garbage-first heap   total 140288K, used 50105K [0x0000000083600000, 0x0000000100000000)
  region size 1024K, 7 young (7168K), 7 survivors (7168K)
 Metaspace       used 87268K, committed 99328K, reserved 1245184K
  class space    used 12865K, committed 15552K, reserved 1048576K
}
Event: 17207.231 GC heap before
{Heap before GC invocations=507 (full 22):
 garbage-first heap   total 140288K, used 111545K [0x0000000083600000, 0x0000000100000000)
  region size 1024K, 67 young (68608K), 7 survivors (7168K)
 Metaspace       used 87789K, committed 99328K, reserved 1245184K
  class space    used 12907K, committed 15552K, reserved 1048576K
}
Event: 17207.237 GC heap after
{Heap after GC invocations=508 (full 22):
 garbage-first heap   total 140288K, used 54858K [0x0000000083600000, 0x0000000100000000)
  region size 1024K, 7 young (7168K), 7 survivors (7168K)
 Metaspace       used 87789K, committed 99328K, reserved 1245184K
  class space    used 12907K, committed 15552K, reserved 1048576K
}
Event: 17210.303 GC heap before
{Heap before GC invocations=508 (full 22):
 garbage-first heap   total 140288K, used 110154K [0x0000000083600000, 0x0000000100000000)
  region size 1024K, 61 young (62464K), 7 survivors (7168K)
 Metaspace       used 87789K, committed 99328K, reserved 1245184K
  class space    used 12907K, committed 15552K, reserved 1048576K
}
Event: 17210.312 GC heap after
{Heap after GC invocations=509 (full 22):
 garbage-first heap   total 140288K, used 59681K [0x0000000083600000, 0x0000000100000000)
  region size 1024K, 6 young (6144K), 6 survivors (6144K)
 Metaspace       used 87789K, committed 99328K, reserved 1245184K
  class space    used 12907K, committed 15552K, reserved 1048576K
}
Event: 17214.563 GC heap before
{Heap before GC invocations=509 (full 22):
 garbage-first heap   total 140288K, used 109857K [0x0000000083600000, 0x0000000100000000)
  region size 1024K, 55 young (56320K), 6 survivors (6144K)
 Metaspace       used 87789K, committed 99328K, reserved 1245184K
  class space    used 12907K, committed 15552K, reserved 1048576K
}
Event: 17214.726 GC heap after
{Heap after GC invocations=510 (full 22):
 garbage-first heap   total 140288K, used 60098K [0x0000000083600000, 0x0000000100000000)
  region size 1024K, 4 young (4096K), 4 survivors (4096K)
 Metaspace       used 87789K, committed 99328K, reserved 1245184K
  class space    used 12907K, committed 15552K, reserved 1048576K
}

